<?xml version="1.0" encoding="UTF-8"?>
<testsuite name="hello.servlet.domain.member.MemberRepositoryTest" tests="1" skipped="0" failures="0" errors="0" timestamp="2023-04-08T12:23:16" hostname="Amuse.local" time="0.07">
  <properties/>
  <testcase name="findAll()" classname="hello.servlet.domain.member.MemberRepositoryTest" time="0.07"/>
  <system-out><![CDATA[]]></system-out>
  <system-err><![CDATA[]]></system-err>
</testsuite>
